[2024-12-05 00:15:40] [INFO] Starting the Ticketing System Application.
[2024-12-05 00:15:59] [INFO] [cli.TicketPool] [<init>] - TicketPool initialized with max capacity: 12
[2024-12-05 00:15:59] [INFO] Ticket pool initialized with capacity: 12
[2024-12-05 00:15:59] [INFO] Vendor thread started: Vendor 1
[2024-12-05 00:15:59] [INFO] Vendor thread started: Vendor 2
[2024-12-05 00:15:59] [INFO] Customer thread started: Customer 1
[2024-12-05 00:15:59] [INFO] Customer thread started: Customer 2
[2024-12-05 00:15:59] [INFO] Shutting down the Ticketing System application.
[2024-12-05 00:15:59] [WARN] [cli.TicketPool] [buyTickets] - Ticket pool is empty. Customer 1 is waiting.
[2024-12-05 00:15:59] [INFO] [cli.TicketPool] [addTickets] - Vendor added a ticket: 1
[2024-12-05 00:15:59] [INFO] [cli.TicketPool] [addTickets] - Vendor added a ticket: 1
[2024-12-05 00:15:59] [INFO] [cli.TicketPool] [buyTickets] - Customer 2 purchased ticket: 1
[2024-12-05 00:15:59] [INFO] [cli.TicketPool] [buyTickets] - Customer 1 purchased ticket: 1
[2024-12-05 00:16:00] [INFO] [cli.TicketPool] [addTickets] - Vendor added a ticket: 2
[2024-12-05 00:16:00] [INFO] [cli.TicketPool] [addTickets] - Vendor added a ticket: 2
[2024-12-05 00:16:00] [INFO] [cli.TicketPool] [buyTickets] - Customer 2 purchased ticket: 2
[2024-12-05 00:16:00] [INFO] [cli.TicketPool] [buyTickets] - Customer 1 purchased ticket: 2
[2024-12-05 00:26:50] [INFO] Starting the Ticketing System Application.
[2024-12-05 00:27:04] [INFO] Starting the Ticketing System Application.
[2024-12-05 11:12:22] [INFO] Starting the Ticketing System Application.
[2024-12-05 11:12:32] [INFO] Configuration loaded successfully: Maximum Capacity = 12
Number of Vendors = 2
Number of Customers = 2
[2024-12-05 11:15:43] [INFO] [cli.TicketPool] [<init>] - TicketPool initialized with max capacity: 0
[2024-12-05 11:15:43] [INFO] Ticket pool initialized with capacity: 0
[2024-12-05 11:15:43] [INFO] Shutting down the Ticketing System application.
[2024-12-05 11:15:54] [INFO] Starting the Ticketing System Application.
[2024-12-05 11:16:14] [INFO] [cli.TicketPool] [<init>] - TicketPool initialized with max capacity: 10
[2024-12-05 11:16:14] [INFO] Ticket pool initialized with capacity: 10
[2024-12-05 11:16:14] [INFO] Vendor thread started: Vendor 1
[2024-12-05 11:16:14] [INFO] Vendor thread started: Vendor 2
[2024-12-05 11:16:14] [INFO] Vendor thread started: Vendor 3
[2024-12-05 11:16:14] [INFO] Vendor thread started: Vendor 4
[2024-12-05 11:16:14] [INFO] Vendor thread started: Vendor 5
[2024-12-05 11:16:14] [INFO] Customer thread started: Customer 1
[2024-12-05 11:16:14] [INFO] Customer thread started: Customer 2
[2024-12-05 11:16:14] [INFO] [cli.TicketPool] [addTickets] - Vendor added a ticket: 1
[2024-12-05 11:16:14] [INFO] Customer thread started: Customer 3
[2024-12-05 11:16:14] [INFO] Customer thread started: Customer 4
[2024-12-05 11:16:14] [INFO] Customer thread started: Customer 5
[2024-12-05 11:16:14] [INFO] Shutting down the Ticketing System application.
[2024-12-05 11:16:14] [INFO] [cli.TicketPool] [buyTickets] - Customer 5 purchased ticket: 1
[2024-12-05 11:16:14] [WARN] [cli.TicketPool] [buyTickets] - Ticket pool is empty. Customer 4 is waiting.
[2024-12-05 11:16:14] [WARN] [cli.TicketPool] [buyTickets] - Ticket pool is empty. Customer 3 is waiting.
[2024-12-05 11:16:14] [WARN] [cli.TicketPool] [buyTickets] - Ticket pool is empty. Customer 2 is waiting.
[2024-12-05 11:16:14] [WARN] [cli.TicketPool] [buyTickets] - Ticket pool is empty. Customer 1 is waiting.
[2024-12-05 11:16:14] [INFO] [cli.TicketPool] [addTickets] - Vendor added a ticket: 1
[2024-12-05 11:16:14] [INFO] [cli.TicketPool] [addTickets] - Vendor added a ticket: 1
[2024-12-05 11:16:14] [INFO] [cli.TicketPool] [addTickets] - Vendor added a ticket: 1
[2024-12-05 11:16:14] [INFO] [cli.TicketPool] [addTickets] - Vendor added a ticket: 1
[2024-12-05 11:16:14] [INFO] [cli.TicketPool] [buyTickets] - Customer 1 purchased ticket: 1
[2024-12-05 11:16:14] [INFO] [cli.TicketPool] [buyTickets] - Customer 2 purchased ticket: 1
[2024-12-05 11:16:14] [INFO] [cli.TicketPool] [buyTickets] - Customer 3 purchased ticket: 1
[2024-12-05 11:16:14] [INFO] [cli.TicketPool] [buyTickets] - Customer 4 purchased ticket: 1
[2024-12-05 11:16:16] [INFO] [cli.TicketPool] [addTickets] - Vendor added a ticket: 2
[2024-12-05 11:16:16] [INFO] [cli.TicketPool] [addTickets] - Vendor added a ticket: 2
[2024-12-05 11:16:16] [INFO] [cli.TicketPool] [addTickets] - Vendor added a ticket: 2
[2024-12-05 11:16:16] [INFO] [cli.TicketPool] [addTickets] - Vendor added a ticket: 2
[2024-12-05 11:16:16] [INFO] [cli.TicketPool] [addTickets] - Vendor added a ticket: 2
[2024-12-05 11:16:16] [INFO] [cli.TicketPool] [buyTickets] - Customer 1 purchased ticket: 2
[2024-12-05 11:16:16] [INFO] [cli.TicketPool] [buyTickets] - Customer 2 purchased ticket: 2
[2024-12-05 11:16:16] [INFO] [cli.TicketPool] [buyTickets] - Customer 4 purchased ticket: 2
[2024-12-05 11:16:16] [INFO] [cli.TicketPool] [buyTickets] - Customer 5 purchased ticket: 2
[2024-12-05 11:16:16] [INFO] [cli.TicketPool] [buyTickets] - Customer 3 purchased ticket: 2
[2024-12-05 11:16:18] [INFO] [cli.TicketPool] [addTickets] - Vendor added a ticket: 3
[2024-12-05 11:16:18] [INFO] [cli.TicketPool] [addTickets] - Vendor added a ticket: 3
[2024-12-05 11:16:18] [INFO] [cli.TicketPool] [addTickets] - Vendor added a ticket: 3
[2024-12-05 11:16:18] [INFO] [cli.TicketPool] [addTickets] - Vendor added a ticket: 3
[2024-12-05 11:16:18] [INFO] [cli.TicketPool] [addTickets] - Vendor added a ticket: 3
[2024-12-05 11:16:18] [INFO] [cli.TicketPool] [buyTickets] - Customer 2 purchased ticket: 3
[2024-12-05 11:16:18] [INFO] [cli.TicketPool] [buyTickets] - Customer 5 purchased ticket: 3
[2024-12-05 11:16:18] [INFO] [cli.TicketPool] [buyTickets] - Customer 3 purchased ticket: 3
[2024-12-05 11:16:18] [INFO] [cli.TicketPool] [buyTickets] - Customer 1 purchased ticket: 3
[2024-12-05 11:16:18] [INFO] [cli.TicketPool] [buyTickets] - Customer 4 purchased ticket: 3
[2024-12-05 11:16:20] [INFO] [cli.TicketPool] [addTickets] - Vendor added a ticket: 4
[2024-12-05 11:16:20] [INFO] [cli.TicketPool] [addTickets] - Vendor added a ticket: 4
[2024-12-05 11:16:20] [INFO] [cli.TicketPool] [addTickets] - Vendor added a ticket: 4
[2024-12-05 11:16:20] [INFO] [cli.TicketPool] [addTickets] - Vendor added a ticket: 4
[2024-12-05 11:16:20] [INFO] [cli.TicketPool] [buyTickets] - Customer 5 purchased ticket: 4
[2024-12-05 11:16:20] [INFO] [cli.TicketPool] [addTickets] - Vendor added a ticket: 4
[2024-12-05 11:16:20] [INFO] [cli.TicketPool] [buyTickets] - Customer 2 purchased ticket: 4
[2024-12-05 11:16:20] [INFO] [cli.TicketPool] [buyTickets] - Customer 1 purchased ticket: 4
[2024-12-05 11:16:20] [INFO] [cli.TicketPool] [buyTickets] - Customer 3 purchased ticket: 4
[2024-12-05 11:16:20] [INFO] [cli.TicketPool] [buyTickets] - Customer 4 purchased ticket: 4
[2024-12-05 11:16:22] [INFO] [cli.TicketPool] [addTickets] - Vendor added a ticket: 5
[2024-12-05 11:16:22] [INFO] [cli.TicketPool] [addTickets] - Vendor added a ticket: 5
[2024-12-05 11:16:22] [INFO] [cli.TicketPool] [addTickets] - Vendor added a ticket: 5
[2024-12-05 11:16:22] [INFO] [cli.TicketPool] [addTickets] - Vendor added a ticket: 5
[2024-12-05 11:16:22] [INFO] [cli.TicketPool] [buyTickets] - Customer 5 purchased ticket: 5
[2024-12-05 11:16:22] [INFO] [cli.TicketPool] [buyTickets] - Customer 4 purchased ticket: 5
[2024-12-05 11:16:22] [INFO] [cli.TicketPool] [buyTickets] - Customer 3 purchased ticket: 5
[2024-12-05 11:16:22] [INFO] [cli.TicketPool] [buyTickets] - Customer 2 purchased ticket: 5
[2024-12-05 11:16:22] [INFO] [cli.TicketPool] [addTickets] - Vendor added a ticket: 5
[2024-12-05 11:16:22] [INFO] [cli.TicketPool] [buyTickets] - Customer 1 purchased ticket: 5
[2024-12-05 11:26:37] [INFO] Starting the Ticketing System Application.
[2024-12-05 11:26:40] [INFO] Configuration loaded successfully: Maximum Capacity = 10
Number of Vendors = 5
Number of Customers = 5
[2024-12-05 11:26:59] [INFO] [cli.TicketPool] [<init>] - TicketPool initialized with max capacity: 0
[2024-12-05 11:26:59] [INFO] Ticket pool initialized with capacity: 0
[2024-12-05 11:26:59] [INFO] Shutting down the Ticketing System application.
[2024-12-05 11:35:18] [INFO] Starting the Ticketing System Application.
[2024-12-05 11:35:21] [INFO] Configuration loaded successfully: Maximum Capacity = 5
Number of Vendors = 5
Number of Customers = 4
[2024-12-05 11:38:57] [INFO] Starting the Ticketing System Application.
[2024-12-05 11:39:02] [INFO] Configuration loaded successfully: Maximum Capacity = 5
Number of Vendors = 5
Number of Customers = 4
[2024-12-05 11:39:02] [WARN] User provided invalid input while choosing to proceed.
[2024-12-05 11:39:03] [INFO] [cli.TicketPool] [<init>] - TicketPool initialized with max capacity: 0
[2024-12-05 11:39:03] [INFO] Ticket pool initialized with capacity: 0
[2024-12-05 11:39:03] [INFO] Shutting down the Ticketing System application.
[2024-12-05 11:41:31] [INFO] Starting the Ticketing System Application.
[2024-12-05 11:42:16] [INFO] Configuration loaded successfully: Maximum Capacity = 5
Number of Vendors = 5
Number of Customers = 4
[2024-12-05 11:42:16] [WARN] User provided invalid input while choosing to proceed.
[2024-12-05 11:42:16] [INFO] [cli.TicketPool] [<init>] - TicketPool initialized with max capacity: 0
[2024-12-05 11:42:16] [INFO] Ticket pool initialized with capacity: 0
[2024-12-05 11:42:16] [INFO] Shutting down the Ticketing System application.
[2024-12-05 11:43:43] [INFO] Starting the Ticketing System Application.
[2024-12-05 11:43:45] [INFO] Configuration loaded successfully: Maximum Capacity = 5
Number of Vendors = 5
Number of Customers = 4
[2024-12-05 11:44:08] [INFO] [cli.TicketPool] [<init>] - TicketPool initialized with max capacity: 0
[2024-12-05 11:44:08] [INFO] Ticket pool initialized with capacity: 0
[2024-12-05 11:44:08] [INFO] Shutting down the Ticketing System application.
[2024-12-05 11:47:34] [INFO] Starting the Ticketing System Application.
[2024-12-05 11:47:43] [INFO] [cli.TicketPool] [<init>] - TicketPool initialized with max capacity: 2
[2024-12-05 11:47:43] [INFO] Ticket pool initialized with capacity: 2
[2024-12-05 11:47:43] [INFO] Vendor thread started: Vendor 1
[2024-12-05 11:47:43] [INFO] Vendor thread started: Vendor 2
[2024-12-05 11:47:43] [INFO] Customer thread started: Customer 1
[2024-12-05 11:47:43] [INFO] Customer thread started: Customer 2
[2024-12-05 11:47:43] [INFO] Shutting down the Ticketing System application.
[2024-12-05 11:47:43] [WARN] [cli.TicketPool] [buyTickets] - Ticket pool is empty. Customer 1 is waiting.
[2024-12-05 11:47:43] [WARN] [cli.TicketPool] [buyTickets] - Ticket pool is empty. Customer 2 is waiting.
[2024-12-05 11:47:43] [INFO] [cli.TicketPool] [addTickets] - Vendor added a ticket: 1
[2024-12-05 11:47:43] [INFO] [cli.TicketPool] [addTickets] - Vendor added a ticket: 1
[2024-12-05 11:47:43] [INFO] [cli.TicketPool] [buyTickets] - Customer 2 purchased ticket: 1
[2024-12-05 11:47:43] [INFO] [cli.TicketPool] [buyTickets] - Customer 1 purchased ticket: 1
[2024-12-05 11:47:45] [INFO] [cli.TicketPool] [addTickets] - Vendor added a ticket: 2
[2024-12-05 11:47:45] [INFO] [cli.TicketPool] [addTickets] - Vendor added a ticket: 2
[2024-12-05 11:47:45] [INFO] [cli.TicketPool] [buyTickets] - Customer 1 purchased ticket: 2
[2024-12-05 11:47:45] [INFO] [cli.TicketPool] [buyTickets] - Customer 2 purchased ticket: 2
[2024-12-05 12:04:40] [INFO] Starting the Ticketing System Application.
[2024-12-05 12:04:44] [INFO] Configuration loaded successfully: Maximum Capacity = 2
Number of Vendors = 2
Number of Customers = 2
[2024-12-05 12:04:56] [INFO] [cli.TicketPool] [<init>] - TicketPool initialized with max capacity: 5
[2024-12-05 12:04:56] [INFO] Ticket pool initialized with capacity: 5
[2024-12-05 12:04:56] [INFO] Vendor thread started: Vendor 1
[2024-12-05 12:04:56] [INFO] Vendor thread started: Vendor 2
[2024-12-05 12:04:56] [INFO] Vendor thread started: Vendor 3
[2024-12-05 12:04:56] [INFO] Customer thread started: Customer 1
[2024-12-05 12:04:56] [INFO] Customer thread started: Customer 2
[2024-12-05 12:04:56] [INFO] Customer thread started: Customer 3
[2024-12-05 12:04:56] [INFO] Shutting down the Ticketing System application.
[2024-12-05 12:04:56] [WARN] [cli.TicketPool] [buyTickets] - Ticket pool is empty. Customer 1 is waiting.
[2024-12-05 12:04:56] [INFO] [cli.TicketPool] [addTickets] - Vendor added a ticket: 1
[2024-12-05 12:04:56] [INFO] [cli.TicketPool] [addTickets] - Vendor added a ticket: 1
[2024-12-05 12:04:56] [INFO] [cli.TicketPool] [addTickets] - Vendor added a ticket: 1
[2024-12-05 12:04:56] [INFO] [cli.TicketPool] [buyTickets] - Customer 3 purchased ticket: 1
[2024-12-05 12:04:56] [INFO] [cli.TicketPool] [buyTickets] - Customer 2 purchased ticket: 1
[2024-12-05 12:04:56] [INFO] [cli.TicketPool] [buyTickets] - Customer 1 purchased ticket: 1
[2024-12-05 12:05:00] [INFO] [cli.TicketPool] [addTickets] - Vendor added a ticket: 2
[2024-12-05 12:05:00] [INFO] [cli.TicketPool] [addTickets] - Vendor added a ticket: 2
[2024-12-05 12:05:00] [INFO] [cli.TicketPool] [addTickets] - Vendor added a ticket: 2
[2024-12-05 12:05:00] [INFO] [cli.TicketPool] [buyTickets] - Customer 1 purchased ticket: 2
[2024-12-05 12:05:00] [INFO] [cli.TicketPool] [buyTickets] - Customer 2 purchased ticket: 2
[2024-12-05 12:05:00] [INFO] [cli.TicketPool] [buyTickets] - Customer 3 purchased ticket: 2
[2024-12-05 12:05:13] [INFO] Starting the Ticketing System Application.
[2024-12-05 12:05:16] [INFO] Configuration loaded successfully: Maximum Capacity = 5
Number of Vendors = 3
Number of Customers = 3
[2024-12-05 12:05:24] [INFO] Starting the Ticketing System Application.
[2024-12-05 12:05:54] [INFO] Starting the Ticketing System Application.
[2024-12-05 12:06:07] [INFO] [cli.TicketPool] [<init>] - TicketPool initialized with max capacity: 5
[2024-12-05 12:06:07] [INFO] Ticket pool initialized with capacity: 5
[2024-12-05 12:06:07] [INFO] Vendor thread started: Vendor 1
[2024-12-05 12:06:07] [INFO] Vendor thread started: Vendor 2
[2024-12-05 12:06:07] [INFO] Vendor thread started: Vendor 3
[2024-12-05 12:06:07] [INFO] Customer thread started: Customer 1
[2024-12-05 12:06:07] [INFO] Customer thread started: Customer 2
[2024-12-05 12:06:07] [INFO] Customer thread started: Customer 3
[2024-12-05 12:06:07] [INFO] Shutting down the Ticketing System application.
[2024-12-05 12:06:07] [WARN] [cli.TicketPool] [buyTickets] - Ticket pool is empty. Customer 1 is waiting.
[2024-12-05 12:06:07] [WARN] [cli.TicketPool] [buyTickets] - Ticket pool is empty. Customer 3 is waiting.
[2024-12-05 12:06:07] [WARN] [cli.TicketPool] [buyTickets] - Ticket pool is empty. Customer 2 is waiting.
[2024-12-05 12:06:07] [INFO] [cli.TicketPool] [addTickets] - Vendor added a ticket: 1
[2024-12-05 12:06:07] [INFO] [cli.TicketPool] [addTickets] - Vendor added a ticket: 1
[2024-12-05 12:06:07] [INFO] [cli.TicketPool] [addTickets] - Vendor added a ticket: 1
[2024-12-05 12:06:07] [INFO] [cli.TicketPool] [buyTickets] - Customer 2 purchased ticket: 1
[2024-12-05 12:06:07] [INFO] [cli.TicketPool] [buyTickets] - Customer 3 purchased ticket: 1
[2024-12-05 12:06:07] [INFO] [cli.TicketPool] [buyTickets] - Customer 1 purchased ticket: 1
[2024-12-05 12:06:10] [INFO] [cli.TicketPool] [addTickets] - Vendor added a ticket: 2
[2024-12-05 12:06:10] [INFO] [cli.TicketPool] [addTickets] - Vendor added a ticket: 2
[2024-12-05 12:06:10] [INFO] [cli.TicketPool] [addTickets] - Vendor added a ticket: 2
[2024-12-05 12:06:10] [INFO] [cli.TicketPool] [buyTickets] - Customer 1 purchased ticket: 2
[2024-12-05 12:06:10] [INFO] [cli.TicketPool] [buyTickets] - Customer 2 purchased ticket: 2
[2024-12-05 12:06:10] [INFO] [cli.TicketPool] [buyTickets] - Customer 3 purchased ticket: 2
[2024-12-05 12:06:13] [INFO] [cli.TicketPool] [addTickets] - Vendor added a ticket: 3
[2024-12-05 12:06:13] [INFO] [cli.TicketPool] [addTickets] - Vendor added a ticket: 3
[2024-12-05 12:06:13] [INFO] [cli.TicketPool] [addTickets] - Vendor added a ticket: 3
[2024-12-05 12:06:13] [INFO] [cli.TicketPool] [buyTickets] - Customer 1 purchased ticket: 3
[2024-12-05 12:06:13] [INFO] [cli.TicketPool] [buyTickets] - Customer 2 purchased ticket: 3
[2024-12-05 12:06:13] [INFO] [cli.TicketPool] [buyTickets] - Customer 3 purchased ticket: 3
[2024-12-05 12:06:59] [INFO] Starting the Ticketing System Application.
[2024-12-05 12:07:22] [INFO] [cli.TicketPool] [<init>] - TicketPool initialized with max capacity: 5
[2024-12-05 12:07:22] [INFO] Ticket pool initialized with capacity: 5
[2024-12-05 12:07:22] [INFO] Vendor thread started: Vendor 1
[2024-12-05 12:07:22] [INFO] Vendor thread started: Vendor 2
[2024-12-05 12:07:22] [INFO] Vendor thread started: Vendor 3
[2024-12-05 12:07:22] [INFO] Vendor thread started: Vendor 4
[2024-12-05 12:07:22] [INFO] Customer thread started: Customer 1
[2024-12-05 12:07:22] [INFO] Customer thread started: Customer 2
[2024-12-05 12:07:22] [INFO] Customer thread started: Customer 3
[2024-12-05 12:07:22] [INFO] Shutting down the Ticketing System application.
[2024-12-05 12:07:22] [WARN] [cli.TicketPool] [buyTickets] - Ticket pool is empty. Customer 1 is waiting.
[2024-12-05 12:07:22] [WARN] [cli.TicketPool] [buyTickets] - Ticket pool is empty. Customer 3 is waiting.
[2024-12-05 12:07:22] [WARN] [cli.TicketPool] [buyTickets] - Ticket pool is empty. Customer 2 is waiting.
[2024-12-05 12:07:22] [INFO] [cli.TicketPool] [addTickets] - Vendor added a ticket: 1
[2024-12-05 12:07:22] [INFO] [cli.TicketPool] [addTickets] - Vendor added a ticket: 1
[2024-12-05 12:07:22] [INFO] [cli.TicketPool] [addTickets] - Vendor added a ticket: 1
[2024-12-05 12:07:22] [INFO] [cli.TicketPool] [addTickets] - Vendor added a ticket: 1
[2024-12-05 12:07:22] [INFO] [cli.TicketPool] [buyTickets] - Customer 2 purchased ticket: 1
[2024-12-05 12:07:22] [INFO] [cli.TicketPool] [buyTickets] - Customer 3 purchased ticket: 1
[2024-12-05 12:07:22] [INFO] [cli.TicketPool] [buyTickets] - Customer 1 purchased ticket: 1
[2024-12-05 12:07:24] [INFO] [cli.TicketPool] [buyTickets] - Customer 3 purchased ticket: 1
[2024-12-05 12:07:24] [WARN] [cli.TicketPool] [buyTickets] - Ticket pool is empty. Customer 2 is waiting.
[2024-12-05 12:07:24] [WARN] [cli.TicketPool] [buyTickets] - Ticket pool is empty. Customer 1 is waiting.
[2024-12-05 12:07:25] [INFO] [cli.TicketPool] [addTickets] - Vendor added a ticket: 2
[2024-12-05 12:07:25] [INFO] [cli.TicketPool] [buyTickets] - Customer 2 purchased ticket: 2
[2024-12-05 12:07:25] [WARN] [cli.TicketPool] [buyTickets] - Ticket pool is empty. Customer 1 is waiting.
[2024-12-05 12:07:25] [INFO] [cli.TicketPool] [addTickets] - Vendor added a ticket: 2
[2024-12-05 12:07:25] [INFO] [cli.TicketPool] [buyTickets] - Customer 1 purchased ticket: 2
[2024-12-05 12:07:25] [INFO] [cli.TicketPool] [addTickets] - Vendor added a ticket: 2
[2024-12-05 12:07:25] [INFO] [cli.TicketPool] [addTickets] - Vendor added a ticket: 2
[2024-12-05 12:11:32] [INFO] Starting the Ticketing System Application.
[2024-12-05 12:11:49] [INFO] [cli.TicketPool] [<init>] - TicketPool initialized with max capacity: 2
[2024-12-05 12:11:49] [INFO] Ticket pool initialized with capacity: 2
[2024-12-05 12:11:49] [INFO] Vendor thread started: Vendor 1
[2024-12-05 12:11:49] [INFO] Vendor thread started: Vendor 2
[2024-12-05 12:11:49] [INFO] Customer thread started: Customer 1
[2024-12-05 12:11:49] [INFO] Customer thread started: Customer 2
[2024-12-05 12:11:49] [INFO] Shutting down the Ticketing System application.
[2024-12-05 12:11:49] [WARN] [cli.TicketPool] [buyTickets] - Ticket pool is empty. Customer 1 is waiting.
[2024-12-05 12:11:49] [WARN] [cli.TicketPool] [buyTickets] - Ticket pool is empty. Customer 2 is waiting.
[2024-12-05 12:11:49] [INFO] [cli.TicketPool] [addTickets] - Vendor added a ticket: 1
[2024-12-05 12:11:49] [INFO] [cli.TicketPool] [addTickets] - Vendor added a ticket: 1
[2024-12-05 12:11:49] [INFO] [cli.TicketPool] [buyTickets] - Customer 2 purchased ticket: 1
[2024-12-05 12:11:49] [INFO] [cli.TicketPool] [buyTickets] - Customer 1 purchased ticket: 1
[2024-12-05 12:11:51] [INFO] [cli.TicketPool] [addTickets] - Vendor added a ticket: 2
[2024-12-05 12:11:51] [INFO] [cli.TicketPool] [addTickets] - Vendor added a ticket: 2
[2024-12-05 12:11:51] [INFO] [cli.TicketPool] [buyTickets] - Customer 1 purchased ticket: 2
[2024-12-05 12:11:51] [INFO] [cli.TicketPool] [buyTickets] - Customer 2 purchased ticket: 2
